[debug] [2026-07-13T07:52:57.480Z] ----------------------------------------------------------------------
[debug] [2026-07-13T07:52:57.482Z] Command:       /Applications/ServBay/package/node/22/22.22.2/bin/node /Users/nguyenngocsonthi/.npm-cache/_npx/7750544ccf494d8b/node_modules/.bin/firebase deploy --only hosting
[debug] [2026-07-13T07:52:57.482Z] CLI Version:   15.23.0
[debug] [2026-07-13T07:52:57.482Z] Platform:      darwin
[debug] [2026-07-13T07:52:57.482Z] Node Version:  v22.22.2
[debug] [2026-07-13T07:52:57.482Z] Detected Agent: unknown
[debug] [2026-07-13T07:52:57.482Z] Time:          Mon Jul 13 2026 14:52:57 GMT+0700 (Indochina Time)
[debug] [2026-07-13T07:52:57.482Z] ----------------------------------------------------------------------
[debug] 
[debug] [2026-07-13T07:52:58.287Z] > command requires scopes: ["email","openid","https://www.googleapis.com/auth/cloudplatformprojects.readonly","https://www.googleapis.com/auth/firebase","https://www.googleapis.com/auth/cloud-platform"]
[debug] [2026-07-13T07:52:58.287Z] > authorizing via signed-in user (phanthai18072001@gmail.com)
[debug] [2026-07-13T07:52:58.288Z] [iam] checking project tien-len-3143c for permissions ["firebase.projects.get","firebasehosting.sites.update"]
[debug] [2026-07-13T07:52:58.294Z] Checked if tokens are valid: false, expires at: 1783928175743
[debug] [2026-07-13T07:52:58.294Z] Checked if tokens are valid: false, expires at: 1783928175743
[debug] [2026-07-13T07:52:58.294Z] > refreshing access token with scopes: []
[debug] [2026-07-13T07:52:58.295Z] >>> [apiv2][query] POST https://www.googleapis.com/oauth2/v3/token [none]
[debug] [2026-07-13T07:52:58.295Z] >>> [apiv2][body] POST https://www.googleapis.com/oauth2/v3/token [omitted]
[debug] [2026-07-13T07:52:58.474Z] <<< [apiv2][status] POST https://www.googleapis.com/oauth2/v3/token 200
[debug] [2026-07-13T07:52:58.475Z] <<< [apiv2][body] POST https://www.googleapis.com/oauth2/v3/token [omitted]
[debug] [2026-07-13T07:52:58.485Z] >>> [apiv2][query] POST https://cloudresourcemanager.googleapis.com/v1/projects/tien-len-3143c:testIamPermissions [none]
[debug] [2026-07-13T07:52:58.485Z] >>> [apiv2][(partial)header] POST https://cloudresourcemanager.googleapis.com/v1/projects/tien-len-3143c:testIamPermissions  x-goog-user-project=tien-len-3143c
[debug] [2026-07-13T07:52:58.485Z] >>> [apiv2][body] POST https://cloudresourcemanager.googleapis.com/v1/projects/tien-len-3143c:testIamPermissions {"permissions":["firebase.projects.get","firebasehosting.sites.update"]}
[debug] [2026-07-13T07:52:59.534Z] <<< [apiv2][status] POST https://cloudresourcemanager.googleapis.com/v1/projects/tien-len-3143c:testIamPermissions 200
[debug] [2026-07-13T07:52:59.534Z] <<< [apiv2][body] POST https://cloudresourcemanager.googleapis.com/v1/projects/tien-len-3143c:testIamPermissions {"permissions":["firebase.projects.get","firebasehosting.sites.update"]}
[debug] [2026-07-13T07:52:59.534Z] Checked if tokens are valid: true, expires at: 1783932777475
[debug] [2026-07-13T07:52:59.535Z] Checked if tokens are valid: true, expires at: 1783932777475
[debug] [2026-07-13T07:52:59.535Z] >>> [apiv2][query] GET https://firebase.googleapis.com/v1beta1/projects/tien-len-3143c [none]
[debug] [2026-07-13T07:53:00.145Z] <<< [apiv2][status] GET https://firebase.googleapis.com/v1beta1/projects/tien-len-3143c 200
[debug] [2026-07-13T07:53:00.145Z] <<< [apiv2][body] GET https://firebase.googleapis.com/v1beta1/projects/tien-len-3143c {"projectId":"tien-len-3143c","projectNumber":"17483974934","displayName":"tien-len","name":"projects/tien-len-3143c","resources":{"hostingSite":"tien-len-3143c","realtimeDatabaseInstance":"tien-len-3143c-default-rtdb"},"state":"ACTIVE","labels":{"firebase":"enabled"},"etag":"1_9310eb9c-77be-4720-8b84-ed89719e1a8a"}
[info] 
[info] === Deploying to 'tien-len-3143c'...
[info] 
[info] i  deploying hosting 
[debug] [2026-07-13T07:53:00.149Z] Checked if tokens are valid: true, expires at: 1783932777475
[debug] [2026-07-13T07:53:00.149Z] Checked if tokens are valid: true, expires at: 1783932777475
[debug] [2026-07-13T07:53:00.149Z] >>> [apiv2][query] GET https://firebasehosting.googleapis.com/v1beta1/projects/tien-len-3143c/sites/tien-len-3143c [none]
[debug] [2026-07-13T07:53:01.204Z] <<< [apiv2][status] GET https://firebasehosting.googleapis.com/v1beta1/projects/tien-len-3143c/sites/tien-len-3143c 200
[debug] [2026-07-13T07:53:01.204Z] <<< [apiv2][body] GET https://firebasehosting.googleapis.com/v1beta1/projects/tien-len-3143c/sites/tien-len-3143c {"name":"projects/tien-len-3143c/sites/tien-len-3143c","defaultUrl":"https://tien-len-3143c.web.app","type":"DEFAULT_SITE"}
[debug] [2026-07-13T07:53:01.205Z] Checked if tokens are valid: true, expires at: 1783932777475
[debug] [2026-07-13T07:53:01.205Z] Checked if tokens are valid: true, expires at: 1783932777475
[debug] [2026-07-13T07:53:01.205Z] >>> [apiv2][query] POST https://firebasehosting.googleapis.com/v1beta1/projects/-/sites/tien-len-3143c/versions [none]
[debug] [2026-07-13T07:53:01.205Z] >>> [apiv2][body] POST https://firebasehosting.googleapis.com/v1beta1/projects/-/sites/tien-len-3143c/versions {"status":"CREATED","labels":{"deployment-tool":"cli-firebase"}}
